<?xml version="1.0" encoding="UTF-8"?>
<robot generator="Robot 6.1.1 (Python 3.9.7 on win32)" generated="20231125 17:45:51.168" rpa="false" schemaversion="4">
<suite id="s1" name="Demo2" source="C:\dev\robots\first-robot\Tests\demo2.robot">
<test id="s1-t1" name="Opn brwser" line="8">
<kw name="Log" library="BuiltIn">
<arg>hello</arg>
<doc>Logs the given message with the given level.</doc>
<msg timestamp="20231125 17:45:51.383" level="INFO">hello</msg>
<status status="PASS" starttime="20231125 17:45:51.383" endtime="20231125 17:45:51.383"/>
</kw>
<kw name="Open Browser" library="SeleniumLibrary">
<arg>wwww.yle.fi</arg>
<arg>edge</arg>
<doc>Opens a new browser instance to the optional ``url``.</doc>
<msg timestamp="20231125 17:45:51.383" level="INFO">Opening browser 'edge' to base url 'wwww.yle.fi'.</msg>
<msg timestamp="20231125 17:45:53.742" level="INFO" html="true">&lt;/td&gt;&lt;/tr&gt;&lt;tr&gt;&lt;td colspan="3"&gt;&lt;a href="selenium-screenshot-1.png"&gt;&lt;img src="selenium-screenshot-1.png" width="800px"&gt;&lt;/a&gt;</msg>
<msg timestamp="20231125 17:45:53.742" level="FAIL">InvalidArgumentException: Message: invalid argument
  (Session info: MicrosoftEdge=119.0.2151.72)
Stacktrace:
	GetHandleVerifier [0x00007FF6B1FB2602+60402]
	Microsoft::Applications::Events::ILogConfiguration::operator* [0x00007FF6B1F37352+253666]
	(No symbol) [0x00007FF6B1D09AE3]
	(No symbol) [0x00007FF6B1CF35C8]
	(No symbol) [0x00007FF6B1CF0E8E]
	(No symbol) [0x00007FF6B1CF1B83]
	(No symbol) [0x00007FF6B1D0C4EB]
	(No symbol) [0x00007FF6B1D95DE1]
	(No symbol) [0x00007FF6B1D7BA8A]
	(No symbol) [0x00007FF6B1D4D766]
	(No symbol) [0x00007FF6B1D95111]
	(No symbol) [0x00007FF6B1D7B863]
	(No symbol) [0x00007FF6B1D4C585]
	(No symbol) [0x00007FF6B1D4B993]
	(No symbol) [0x00007FF6B1D4CD14]
	Microsoft::Applications::Events::EventProperty::to_string [0x00007FF6B21934A4+1161924]
	(No symbol) [0x00007FF6B1DCE5F6]
	Microsoft::Applications::Events::EventProperty::~EventProperty [0x00007FF6B1E8B083+37459]
	Microsoft::Applications::Events::EventProperty::~EventProperty [0x00007FF6B1E82C4D+3613]
	Microsoft::Applications::Events::EventProperty::to_string [0x00007FF6B21921E4+1157124]
	Microsoft::Applications::Events::ILogConfiguration::operator* [0x00007FF6B1F416A8+295480]
	Microsoft::Applications::Events::ILogConfiguration::operator* [0x00007FF6B1F3CB74+276228]
	Microsoft::Applications::Events::ILogConfiguration::operator* [0x00007FF6B1F3CCA2+276530]
	Microsoft::Applications::Events::ILogConfiguration::operator* [0x00007FF6B1F2FA91+222753]
	BaseThreadInitThunk [0x00007FFDFD057344+20]
	RtlUserThreadStart [0x00007FFDFD7E26B1+33]
</msg>
<status status="FAIL" starttime="20231125 17:45:51.383" endtime="20231125 17:45:53.805"/>
</kw>
<status status="FAIL" starttime="20231125 17:45:51.383" endtime="20231125 17:45:53.806">InvalidArgumentException: Message: invalid argument
  (Session info: MicrosoftEdge=119.0.2151.72)
Stacktrace:
	GetHandleVerifier [0x00007FF6B1FB2602+60402]
	Microsoft::Applications::Events::ILogConfiguration::operator* [0x00007FF6B1F37352+253666]
	(No symbol) [0x00007FF6B1D09AE3]
	(No symbol) [0x00007FF6B1CF35C8]
	(No symbol) [0x00007FF6B1CF0E8E]
	(No symbol) [0x00007FF6B1CF1B83]
	(No symbol) [0x00007FF6B1D0C4EB]
	(No symbol) [0x00007FF6B1D95DE1]
	(No symbol) [0x00007FF6B1D7BA8A]
	(No symbol) [0x00007FF6B1D4D766]
	(No symbol) [0x00007FF6B1D95111]
	(No symbol) [0x00007FF6B1D7B863]
	(No symbol) [0x00007FF6B1D4C585]
	(No symbol) [0x00007FF6B1D4B993]
	(No symbol) [0x00007FF6B1D4CD14]
	Microsoft::Applications::Events::EventProperty::to_string [0x00007FF6B21934A4+1161924]
	(No symbol) [0x00007FF6B1DCE5F6]
	Microsoft::Applications::Events::EventProperty::~EventProperty [0x00007FF6B1E8B083+37459]
	Microsoft::Applications::Events::EventProperty::~EventProperty [0x00007FF6B1E82C4D+3613]
	Microsoft::Applications::Events::EventProperty::to_string [0x00007FF6B21921E4+1157124]
	Microsoft::Applications::Events::ILogConfiguration::operator* [0x00007FF6B1F416A8+295480]
	Microsoft::Applications::Events::ILogConfiguration::operator* [0x00007FF6B1F3CB74+276228]
	Microsoft::Applications::Events::ILogConfiguration::operator* [0x00007FF6B1F3CCA2+276530]
	Microsoft::Applications::Events::ILogConfiguration::operator* [0x00007FF6B1F2FA91+222753]
	BaseThreadInitThunk [0x00007FFDFD057344+20]
	RtlUserThreadStart [0x00007FFDFD7E26B1+33]
</status>
</test>
<status status="FAIL" starttime="20231125 17:45:51.170" endtime="20231125 17:45:53.811"/>
</suite>
<statistics>
<total>
<stat pass="0" fail="1" skip="0">All Tests</stat>
</total>
<tag>
</tag>
<suite>
<stat pass="0" fail="1" skip="0" id="s1" name="Demo2">Demo2</stat>
</suite>
</statistics>
<errors>
</errors>
</robot>
