<?xml version="1.0" encoding="UTF-8"?>
<robot generator="Robot 6.1.1 (Python 3.9.7 on win32)" generated="20231126 21:22:56.254" rpa="true" schemaversion="4">
<suite id="s1" name="Playground" source="C:\dev\robots\second-robot\Tests\Playground.robot">
<test id="s1-t1" name="First test" line="11">
<kw name="open website" library="Common" type="SETUP">
<arg>${URL}</arg>
<arg>${BROWSER}</arg>
<kw name="Open Browser" library="SeleniumLibrary">
<arg>${URL}</arg>
<arg>${BROWSER}</arg>
<doc>Opens a new browser instance to the optional ``url``.</doc>
<msg timestamp="20231126 21:22:56.646" level="INFO">Opening browser 'firefox' to base url 'https://www.yle.fi'.</msg>
<status status="PASS" starttime="20231126 21:22:56.646" endtime="20231126 21:23:05.156"/>
</kw>
<status status="PASS" starttime="20231126 21:22:56.646" endtime="20231126 21:23:05.156"/>
</kw>
<kw name="Log" library="BuiltIn">
<arg>moi</arg>
<doc>Logs the given message with the given level.</doc>
<msg timestamp="20231126 21:23:05.157" level="INFO">moi</msg>
<status status="PASS" starttime="20231126 21:23:05.156" endtime="20231126 21:23:05.157"/>
</kw>
<kw name="close website" library="Common" type="TEARDOWN">
<kw name="Close Browser" library="SeleniumLibrary">
<doc>Closes the current browser.</doc>
<status status="PASS" starttime="20231126 21:23:05.157" endtime="20231126 21:23:07.099"/>
</kw>
<status status="PASS" starttime="20231126 21:23:05.157" endtime="20231126 21:23:07.099"/>
</kw>
<status status="PASS" starttime="20231126 21:22:56.646" endtime="20231126 21:23:07.099"/>
</test>
<test id="s1-t2" name="Second test" line="13">
<kw name="open website" library="Common" type="SETUP">
<arg>${URL}</arg>
<arg>${BROWSER}</arg>
<kw name="Open Browser" library="SeleniumLibrary">
<arg>${URL}</arg>
<arg>${BROWSER}</arg>
<doc>Opens a new browser instance to the optional ``url``.</doc>
<msg timestamp="20231126 21:23:07.105" level="INFO">Opening browser 'firefox' to base url 'https://www.yle.fi'.</msg>
<status status="PASS" starttime="20231126 21:23:07.105" endtime="20231126 21:23:13.671"/>
</kw>
<status status="PASS" starttime="20231126 21:23:07.105" endtime="20231126 21:23:13.672"/>
</kw>
<kw name="Log" library="BuiltIn">
<arg>hei</arg>
<doc>Logs the given message with the given level.</doc>
<msg timestamp="20231126 21:23:13.672" level="INFO">hei</msg>
<status status="PASS" starttime="20231126 21:23:13.672" endtime="20231126 21:23:13.672"/>
</kw>
<kw name="close website" library="Common" type="TEARDOWN">
<kw name="Close Browser" library="SeleniumLibrary">
<doc>Closes the current browser.</doc>
<status status="PASS" starttime="20231126 21:23:13.672" endtime="20231126 21:23:15.486"/>
</kw>
<status status="PASS" starttime="20231126 21:23:13.672" endtime="20231126 21:23:15.486"/>
</kw>
<status status="PASS" starttime="20231126 21:23:07.105" endtime="20231126 21:23:15.487"/>
</test>
<status status="PASS" starttime="20231126 21:22:56.258" endtime="20231126 21:23:15.490"/>
</suite>
<statistics>
<total>
<stat pass="2" fail="0" skip="0">All Tasks</stat>
</total>
<tag>
</tag>
<suite>
<stat pass="2" fail="0" skip="0" id="s1" name="Playground">Playground</stat>
</suite>
</statistics>
<errors>
</errors>
</robot>
