<?xml version="1.0" encoding="UTF-8"?>
<robot generator="Robot 6.1.1 (Python 3.9.7 on win32)" generated="20231127 00:13:47.128" rpa="true" schemaversion="4">
<suite id="s1" name="Playground" source="C:\dev\robots\second-robot\Tests\Playground.robot">
<test id="s1-t1" name="Customer should be able to open website" line="15">
<kw name="open website" library="Common" type="SETUP">
<arg>${URL}</arg>
<arg>${BROWSER}</arg>
<kw name="Open Browser" library="SeleniumLibrary">
<arg>about:blank</arg>
<arg>${BROWSER}</arg>
<doc>Opens a new browser instance to the optional ``url``.</doc>
<msg timestamp="20231127 00:13:47.279" level="INFO">Opening browser 'edge' to base url 'about:blank'.</msg>
<status status="PASS" starttime="20231127 00:13:47.279" endtime="20231127 00:13:48.603"/>
</kw>
<status status="PASS" starttime="20231127 00:13:47.278" endtime="20231127 00:13:48.603"/>
</kw>
<kw name="Go to landing page" library="PlaygroundApp">
<kw name="Navigate to" library="Landing">
<kw name="Go To" library="SeleniumLibrary">
<arg>${URL}</arg>
<doc>Navigates the current browser window to the provided ``url``.</doc>
<msg timestamp="20231127 00:13:48.604" level="INFO">Opening url 'https://automationplayground.com/front-office/'</msg>
<status status="PASS" starttime="20231127 00:13:48.604" endtime="20231127 00:13:51.113"/>
</kw>
<status status="PASS" starttime="20231127 00:13:48.603" endtime="20231127 00:13:51.113"/>
</kw>
<kw name="Test that site opens" library="Landing">
<kw name="Wait Until Page Contains" library="SeleniumLibrary">
<arg>${GREETINGS_TEXT}</arg>
<doc>Waits until ``text`` appears on the current page.</doc>
<status status="PASS" starttime="20231127 00:13:51.113" endtime="20231127 00:13:51.124"/>
</kw>
<status status="PASS" starttime="20231127 00:13:51.113" endtime="20231127 00:13:51.124"/>
</kw>
<status status="PASS" starttime="20231127 00:13:48.603" endtime="20231127 00:13:51.124"/>
</kw>
<kw name="close website" library="Common" type="TEARDOWN">
<kw name="Sleep" library="BuiltIn">
<arg>3 s</arg>
<doc>Pauses the test executed for the given time.</doc>
<msg timestamp="20231127 00:13:54.139" level="INFO">Slept 3 seconds</msg>
<status status="PASS" starttime="20231127 00:13:51.125" endtime="20231127 00:13:54.139"/>
</kw>
<kw name="Close Browser" library="SeleniumLibrary">
<doc>Closes the current browser.</doc>
<status status="PASS" starttime="20231127 00:13:54.139" endtime="20231127 00:13:56.292"/>
</kw>
<status status="PASS" starttime="20231127 00:13:51.125" endtime="20231127 00:13:56.292"/>
</kw>
<doc>Test that page opens</doc>
<status status="PASS" starttime="20231127 00:13:47.278" endtime="20231127 00:13:56.293"/>
</test>
<test id="s1-t2" name="Customer should be able to go to &quot;Team&quot; website" line="20">
<kw name="open website" library="Common" type="SETUP">
<arg>${URL}</arg>
<arg>${BROWSER}</arg>
<kw name="Open Browser" library="SeleniumLibrary">
<arg>about:blank</arg>
<arg>${BROWSER}</arg>
<doc>Opens a new browser instance to the optional ``url``.</doc>
<msg timestamp="20231127 00:13:56.299" level="INFO">Opening browser 'edge' to base url 'about:blank'.</msg>
<status status="PASS" starttime="20231127 00:13:56.299" endtime="20231127 00:13:57.579"/>
</kw>
<status status="PASS" starttime="20231127 00:13:56.298" endtime="20231127 00:13:57.579"/>
</kw>
<kw name="Go to landing page" library="PlaygroundApp">
<kw name="Navigate to" library="Landing">
<kw name="Go To" library="SeleniumLibrary">
<arg>${URL}</arg>
<doc>Navigates the current browser window to the provided ``url``.</doc>
<msg timestamp="20231127 00:13:57.580" level="INFO">Opening url 'https://automationplayground.com/front-office/'</msg>
<status status="PASS" starttime="20231127 00:13:57.580" endtime="20231127 00:13:59.470"/>
</kw>
<status status="PASS" starttime="20231127 00:13:57.580" endtime="20231127 00:13:59.470"/>
</kw>
<kw name="Test that site opens" library="Landing">
<kw name="Wait Until Page Contains" library="SeleniumLibrary">
<arg>${GREETINGS_TEXT}</arg>
<doc>Waits until ``text`` appears on the current page.</doc>
<status status="PASS" starttime="20231127 00:13:59.470" endtime="20231127 00:13:59.481"/>
</kw>
<status status="PASS" starttime="20231127 00:13:59.470" endtime="20231127 00:13:59.481"/>
</kw>
<status status="PASS" starttime="20231127 00:13:57.580" endtime="20231127 00:13:59.481"/>
</kw>
<kw name="Go to &quot;Team&quot; page" library="PlaygroundApp">
<kw name="Select &quot;Teams&quot; Page" library="TopNav">
<kw name="Click Link" library="SeleniumLibrary">
<arg>${TOP_NAV_TEAM_LINK}</arg>
<doc>Clicks a link identified by ``locator``.</doc>
<msg timestamp="20231127 00:13:59.482" level="INFO">Clicking link 'xpath=//*[@id="bs-example-navbar-collapse-1"]/ul/li[5]/a'.</msg>
<status status="PASS" starttime="20231127 00:13:59.482" endtime="20231127 00:13:59.516"/>
</kw>
<status status="PASS" starttime="20231127 00:13:59.482" endtime="20231127 00:13:59.516"/>
</kw>
<kw name="Verify page loaded" library="Team">
<kw name="Wait Until Page Contains Element" library="SeleniumLibrary">
<arg>${TEAM_HEADER_LABEL}</arg>
<doc>Waits until the element ``locator`` appears on the current page.</doc>
<status status="PASS" starttime="20231127 00:13:59.517" endtime="20231127 00:13:59.527"/>
</kw>
<status status="PASS" starttime="20231127 00:13:59.516" endtime="20231127 00:13:59.527"/>
</kw>
<status status="PASS" starttime="20231127 00:13:59.481" endtime="20231127 00:13:59.527"/>
</kw>
<kw name="Validate &quot;Team&quot; page" library="PlaygroundApp">
<kw name="Validate &quot;Team&quot; page" library="Team">
<kw name="Get Text" library="SeleniumLibrary">
<var>${ElementText}</var>
<arg>${TEAM_HEADER_LABEL}</arg>
<doc>Returns the text value of the element identified by ``locator``.</doc>
<msg timestamp="20231127 00:13:59.539" level="INFO">${ElementText} = OUR AMAZING TEAM</msg>
<status status="PASS" starttime="20231127 00:13:59.527" endtime="20231127 00:13:59.539"/>
</kw>
<kw name="Should Be Equal As Strings" library="BuiltIn">
<arg>${ElementText}</arg>
<arg>Our Amazing Team</arg>
<arg>ignore_case=true</arg>
<doc>Fails if objects are unequal after converting them to strings.</doc>
<status status="PASS" starttime="20231127 00:13:59.539" endtime="20231127 00:13:59.540"/>
</kw>
<status status="PASS" starttime="20231127 00:13:59.527" endtime="20231127 00:13:59.540"/>
</kw>
<status status="PASS" starttime="20231127 00:13:59.527" endtime="20231127 00:13:59.540"/>
</kw>
<kw name="close website" library="Common" type="TEARDOWN">
<kw name="Sleep" library="BuiltIn">
<arg>3 s</arg>
<doc>Pauses the test executed for the given time.</doc>
<msg timestamp="20231127 00:14:02.548" level="INFO">Slept 3 seconds</msg>
<status status="PASS" starttime="20231127 00:13:59.540" endtime="20231127 00:14:02.548"/>
</kw>
<kw name="Close Browser" library="SeleniumLibrary">
<doc>Closes the current browser.</doc>
<status status="PASS" starttime="20231127 00:14:02.548" endtime="20231127 00:14:04.688"/>
</kw>
<status status="PASS" starttime="20231127 00:13:59.540" endtime="20231127 00:14:04.688"/>
</kw>
<doc>Test that page opens</doc>
<status status="PASS" starttime="20231127 00:13:56.296" endtime="20231127 00:14:04.689"/>
</test>
<doc>Yeee!!!</doc>
<status status="PASS" starttime="20231127 00:13:47.130" endtime="20231127 00:14:04.691"/>
</suite>
<statistics>
<total>
<stat pass="2" fail="0" skip="0">All Tasks</stat>
</total>
<tag>
</tag>
<suite>
<stat pass="2" fail="0" skip="0" id="s1" name="Playground">Playground</stat>
</suite>
</statistics>
<errors>
</errors>
</robot>
