<?xml version="1.0" encoding="UTF-8"?>
<robot generator="Robot 6.1.1 (Python 3.9.7 on win32)" generated="20231125 18:35:46.005" rpa="false" schemaversion="4">
<suite id="s1" name="Crm" source="C:\dev\robots\first-robot\Tests\Crm.robot">
<test id="s1-t1" name="Should be able to add new customer" line="12">
<kw name="initialize selenium">
<msg timestamp="20231125 18:35:46.029" level="FAIL">No keyword with name 'initialize selenium' found.</msg>
<status status="FAIL" starttime="20231125 18:35:46.029" endtime="20231125 18:35:46.029"/>
</kw>
<kw name="open blank browser">
<status status="NOT RUN" starttime="20231125 18:35:46.032" endtime="20231125 18:35:46.032"/>
</kw>
<kw name="resize the browser">
<status status="NOT RUN" starttime="20231125 18:35:46.032" endtime="20231125 18:35:46.032"/>
</kw>
<kw name="test login">
<status status="NOT RUN" starttime="20231125 18:35:46.032" endtime="20231125 18:35:46.032"/>
</kw>
<kw name="add customer">
<status status="NOT RUN" starttime="20231125 18:35:46.040" endtime="20231125 18:35:46.040"/>
</kw>
<doc>This is the info about the test</doc>
<tag>1006 Smoke contacts</tag>
<status status="FAIL" starttime="20231125 18:35:46.021" endtime="20231125 18:35:46.040">No keyword with name 'initialize selenium' found.</status>
</test>
<doc>This is some basic info about the whole suite</doc>
<status status="FAIL" starttime="20231125 18:35:46.005" endtime="20231125 18:35:46.042"/>
</suite>
<statistics>
<total>
<stat pass="0" fail="1" skip="0">All Tests</stat>
</total>
<tag>
<stat pass="0" fail="1" skip="0">1006 Smoke contacts</stat>
</tag>
<suite>
<stat pass="0" fail="1" skip="0" id="s1" name="Crm">Crm</stat>
</suite>
</statistics>
<errors>
<msg timestamp="20231125 18:35:46.021" level="ERROR">Error in file 'C:\dev\robots\first-robot\Tests\Crm.robot' on line 3: Resource file 'Resources\Customer.robot' does not exist.</msg>
<msg timestamp="20231125 18:35:46.021" level="ERROR">Error in file 'C:\dev\robots\first-robot\Tests\Crm.robot' on line 4: Resource file 'Resources\Common.robot' does not exist.</msg>
</errors>
</robot>
