<?xml version="1.0" encoding="UTF-8"?>
<robot generator="Robot 6.1.1 (Python 3.9.7 on win32)" generated="20231125 17:46:05.520" rpa="false" schemaversion="4">
<suite id="s1" name="Crm" source="C:\dev\robots\first-robot\Tests\Crm.robot">
<test id="s1-t1" name="Should be able to add new customer" line="12">
<kw name="initialize selenium">
<kw name="Set Selenium Speed" library="SeleniumLibrary">
<arg>.2s</arg>
<doc>Sets the delay that is waited after each Selenium command.</doc>
<status status="PASS" starttime="20231125 17:46:05.729" endtime="20231125 17:46:05.729"/>
</kw>
<kw name="Set Selenium Timeout" library="SeleniumLibrary">
<arg>10s</arg>
<doc>Sets the timeout that is used by various keywords.</doc>
<status status="PASS" starttime="20231125 17:46:05.729" endtime="20231125 17:46:05.729"/>
</kw>
<status status="PASS" starttime="20231125 17:46:05.728" endtime="20231125 17:46:05.729"/>
</kw>
<kw name="open blank browser">
<kw name="Log" library="BuiltIn">
<arg>Starting the test case</arg>
<doc>Logs the given message with the given level.</doc>
<msg timestamp="20231125 17:46:05.730" level="INFO">Starting the test case</msg>
<status status="PASS" starttime="20231125 17:46:05.730" endtime="20231125 17:46:05.730"/>
</kw>
<kw name="Open Browser" library="SeleniumLibrary">
<arg>https://automationplayground.com/crm/</arg>
<doc>Opens a new browser instance to the optional ``url``.</doc>
<msg timestamp="20231125 17:46:05.731" level="INFO">Opening browser 'firefox' to base url 'https://automationplayground.com/crm/'.</msg>
<status status="PASS" starttime="20231125 17:46:05.730" endtime="20231125 17:46:13.153"/>
</kw>
<status status="PASS" starttime="20231125 17:46:05.730" endtime="20231125 17:46:13.153"/>
</kw>
<kw name="resize the browser">
<kw name="Set Window Position" library="SeleniumLibrary">
<arg>x=50</arg>
<arg>y=50</arg>
<doc>Sets window position using ``x`` and ``y`` coordinates.</doc>
<status status="PASS" starttime="20231125 17:46:13.156" endtime="20231125 17:46:13.385"/>
</kw>
<kw name="Set Window Size" library="SeleniumLibrary">
<arg>width=1024</arg>
<arg>height=800</arg>
<doc>Sets current windows size to given ``width`` and ``height``.</doc>
<status status="PASS" starttime="20231125 17:46:13.385" endtime="20231125 17:46:13.603"/>
</kw>
<status status="PASS" starttime="20231125 17:46:13.155" endtime="20231125 17:46:13.604"/>
</kw>
<kw name="test login">
<kw name="Click Link" library="SeleniumLibrary">
<arg>id=SignIn</arg>
<doc>Clicks a link identified by ``locator``.</doc>
<msg timestamp="20231125 17:46:13.607" level="INFO">Clicking link 'id=SignIn'.</msg>
<status status="PASS" starttime="20231125 17:46:13.605" endtime="20231125 17:46:14.740"/>
</kw>
<kw name="Page Should Contain" library="SeleniumLibrary">
<arg>Login</arg>
<doc>Verifies that current page contains ``text``.</doc>
<msg timestamp="20231125 17:46:15.173" level="INFO">Current page contains text 'Login'.</msg>
<status status="PASS" starttime="20231125 17:46:14.740" endtime="20231125 17:46:15.173"/>
</kw>
<kw name="Input Text" library="SeleniumLibrary">
<arg>id=email-id</arg>
<arg>joku@toinen.com</arg>
<doc>Types the given ``text`` into the text field identified by ``locator``.</doc>
<msg timestamp="20231125 17:46:15.174" level="INFO">Typing text 'joku@toinen.com' into text field 'id=email-id'.</msg>
<status status="PASS" starttime="20231125 17:46:15.174" endtime="20231125 17:46:15.841"/>
</kw>
<kw name="Input Text" library="SeleniumLibrary">
<arg>id=password</arg>
<arg>txt</arg>
<doc>Types the given ``text`` into the text field identified by ``locator``.</doc>
<msg timestamp="20231125 17:46:15.841" level="INFO">Typing text 'txt' into text field 'id=password'.</msg>
<status status="PASS" starttime="20231125 17:46:15.841" endtime="20231125 17:46:16.496"/>
</kw>
<kw name="Click Button" library="SeleniumLibrary">
<arg>Submit</arg>
<doc>Clicks the button identified by ``locator``.</doc>
<msg timestamp="20231125 17:46:16.497" level="INFO">Clicking button 'Submit'.</msg>
<status status="PASS" starttime="20231125 17:46:16.496" endtime="20231125 17:46:17.817"/>
</kw>
<kw name="Page Should Contain" library="SeleniumLibrary">
<arg>Our Happy</arg>
<doc>Verifies that current page contains ``text``.</doc>
<msg timestamp="20231125 17:46:18.252" level="INFO">Current page contains text 'Our Happy'.</msg>
<status status="PASS" starttime="20231125 17:46:17.818" endtime="20231125 17:46:18.252"/>
</kw>
<status status="PASS" starttime="20231125 17:46:13.605" endtime="20231125 17:46:18.252"/>
</kw>
<kw name="add customer">
<kw name="Click Link" library="SeleniumLibrary">
<arg>id=new-customer</arg>
<doc>Clicks a link identified by ``locator``.</doc>
<msg timestamp="20231125 17:46:18.255" level="INFO">Clicking link 'id=new-customer'.</msg>
<status status="PASS" starttime="20231125 17:46:18.253" endtime="20231125 17:46:19.834"/>
</kw>
<kw name="Page Should Contain" library="SeleniumLibrary">
<arg>Add Customer</arg>
<doc>Verifies that current page contains ``text``.</doc>
<msg timestamp="20231125 17:46:20.269" level="INFO">Current page contains text 'Add Customer'.</msg>
<status status="PASS" starttime="20231125 17:46:19.835" endtime="20231125 17:46:20.270"/>
</kw>
<kw name="Input Text" library="SeleniumLibrary">
<arg>id=EmailAddress</arg>
<arg>a@b.com</arg>
<doc>Types the given ``text`` into the text field identified by ``locator``.</doc>
<msg timestamp="20231125 17:46:20.271" level="INFO">Typing text 'a@b.com' into text field 'id=EmailAddress'.</msg>
<status status="PASS" starttime="20231125 17:46:20.270" endtime="20231125 17:46:20.969"/>
</kw>
<kw name="Input Text" library="SeleniumLibrary">
<arg>id=FirstName</arg>
<arg>jane</arg>
<doc>Types the given ``text`` into the text field identified by ``locator``.</doc>
<msg timestamp="20231125 17:46:20.971" level="INFO">Typing text 'jane' into text field 'id=FirstName'.</msg>
<status status="PASS" starttime="20231125 17:46:20.970" endtime="20231125 17:46:21.649"/>
</kw>
<kw name="Input Text" library="SeleniumLibrary">
<arg>id=LastName</arg>
<arg>doe</arg>
<doc>Types the given ``text`` into the text field identified by ``locator``.</doc>
<msg timestamp="20231125 17:46:21.650" level="INFO">Typing text 'doe' into text field 'id=LastName'.</msg>
<status status="PASS" starttime="20231125 17:46:21.649" endtime="20231125 17:46:22.313"/>
</kw>
<kw name="Input Text" library="SeleniumLibrary">
<arg>id=City</arg>
<arg>Helsinki</arg>
<doc>Types the given ``text`` into the text field identified by ``locator``.</doc>
<msg timestamp="20231125 17:46:22.315" level="INFO">Typing text 'Helsinki' into text field 'id=City'.</msg>
<status status="PASS" starttime="20231125 17:46:22.314" endtime="20231125 17:46:22.978"/>
</kw>
<kw name="Select From List By Value" library="SeleniumLibrary">
<arg>id=StateOrRegion</arg>
<arg>TX</arg>
<doc>Selects options from selection list ``locator`` by ``values``.</doc>
<msg timestamp="20231125 17:46:22.980" level="INFO">Selecting options from selection list 'id=StateOrRegion' by value TX.</msg>
<status status="PASS" starttime="20231125 17:46:22.978" endtime="20231125 17:46:24.937"/>
</kw>
<kw name="Select Radio Button" library="SeleniumLibrary">
<arg>gender</arg>
<arg>female</arg>
<doc>Sets the radio button group ``group_name`` to ``value``.</doc>
<msg timestamp="20231125 17:46:24.938" level="INFO">Selecting 'female' from radio button 'gender'.</msg>
<status status="PASS" starttime="20231125 17:46:24.938" endtime="20231125 17:46:25.790"/>
</kw>
<kw name="Select Checkbox" library="SeleniumLibrary">
<arg>name=promos-name</arg>
<doc>Selects the checkbox identified by ``locator``.</doc>
<msg timestamp="20231125 17:46:25.791" level="INFO">Selecting checkbox 'name=promos-name'.</msg>
<status status="PASS" starttime="20231125 17:46:25.790" endtime="20231125 17:46:27.102"/>
</kw>
<kw name="Click Button" library="SeleniumLibrary">
<arg>Submit</arg>
<doc>Clicks the button identified by ``locator``.</doc>
<msg timestamp="20231125 17:46:27.103" level="INFO">Clicking button 'Submit'.</msg>
<status status="PASS" starttime="20231125 17:46:27.103" endtime="20231125 17:46:28.348"/>
</kw>
<kw name="Wait Until Page Contains" library="SeleniumLibrary">
<arg>Success! New customer added.</arg>
<doc>Waits until ``text`` appears on the current page.</doc>
<status status="PASS" starttime="20231125 17:46:28.348" endtime="20231125 17:46:28.563"/>
</kw>
<status status="PASS" starttime="20231125 17:46:18.253" endtime="20231125 17:46:28.563"/>
</kw>
<kw name="Sleep" library="BuiltIn">
<arg>3s</arg>
<doc>Pauses the test executed for the given time.</doc>
<msg timestamp="20231125 17:46:31.571" level="INFO">Slept 3 seconds</msg>
<status status="PASS" starttime="20231125 17:46:28.564" endtime="20231125 17:46:31.571"/>
</kw>
<kw name="Close Browser" library="SeleniumLibrary">
<doc>Closes the current browser.</doc>
<status status="PASS" starttime="20231125 17:46:31.573" endtime="20231125 17:46:33.692"/>
</kw>
<doc>This is the info about the test</doc>
<tag>1006 Smoke contacts</tag>
<status status="PASS" starttime="20231125 17:46:05.727" endtime="20231125 17:46:33.693"/>
</test>
<doc>This is some basic info about the whole suite</doc>
<status status="PASS" starttime="20231125 17:46:05.523" endtime="20231125 17:46:33.696"/>
</suite>
<statistics>
<total>
<stat pass="1" fail="0" skip="0">All Tests</stat>
</total>
<tag>
<stat pass="1" fail="0" skip="0">1006 Smoke contacts</stat>
</tag>
<suite>
<stat pass="1" fail="0" skip="0" id="s1" name="Crm">Crm</stat>
</suite>
</statistics>
<errors>
</errors>
</robot>
