<?xml version="1.0" encoding="UTF-8"?>
<robot generator="Robot 6.1.1 (Python 3.9.7 on win32)" generated="20231122 12:25:11.524" rpa="false" schemaversion="4">
<suite id="s1" name="Crm" source="C:\dev\robots\first-robot\Tests\Crm.robot">
<test id="s1-t1" name="Should be able to add new customer" line="12">
<kw name="Set Selenium Speed" library="SeleniumLibrary">
<arg>.2s</arg>
<doc>Sets the delay that is waited after each Selenium command.</doc>
<status status="PASS" starttime="20231122 12:25:11.782" endtime="20231122 12:25:11.783"/>
</kw>
<kw name="Set Selenium Timeout" library="SeleniumLibrary">
<arg>10s</arg>
<doc>Sets the timeout that is used by various keywords.</doc>
<status status="PASS" starttime="20231122 12:25:11.783" endtime="20231122 12:25:11.783"/>
</kw>
<kw name="Log" library="BuiltIn">
<arg>Starting the test case</arg>
<doc>Logs the given message with the given level.</doc>
<msg timestamp="20231122 12:25:11.784" level="INFO">Starting the test case</msg>
<status status="PASS" starttime="20231122 12:25:11.784" endtime="20231122 12:25:11.784"/>
</kw>
<kw name="Open Browser" library="SeleniumLibrary">
<arg>https://automationplayground.com/crm/</arg>
<arg>firefox</arg>
<doc>Opens a new browser instance to the optional ``url``.</doc>
<msg timestamp="20231122 12:25:11.784" level="INFO">Opening browser 'firefox' to base url 'https://automationplayground.com/crm/'.</msg>
<status status="PASS" starttime="20231122 12:25:11.784" endtime="20231122 12:25:19.343"/>
</kw>
<kw name="Set Window Position" library="SeleniumLibrary">
<arg>x=50</arg>
<arg>y=50</arg>
<doc>Sets window position using ``x`` and ``y`` coordinates.</doc>
<status status="PASS" starttime="20231122 12:25:19.344" endtime="20231122 12:25:19.560"/>
</kw>
<kw name="Set Window Size" library="SeleniumLibrary">
<arg>width=1024</arg>
<arg>height=800</arg>
<doc>Sets current windows size to given ``width`` and ``height``.</doc>
<status status="PASS" starttime="20231122 12:25:19.561" endtime="20231122 12:25:19.793"/>
</kw>
<kw name="Click Link" library="SeleniumLibrary">
<arg>id=SignIn</arg>
<doc>Clicks a link identified by ``locator``.</doc>
<msg timestamp="20231122 12:25:19.794" level="INFO">Clicking link 'id=SignIn'.</msg>
<status status="PASS" starttime="20231122 12:25:19.794" endtime="20231122 12:25:20.816"/>
</kw>
<kw name="Page Should Contain" library="SeleniumLibrary">
<arg>Login</arg>
<doc>Verifies that current page contains ``text``.</doc>
<msg timestamp="20231122 12:25:21.252" level="INFO">Current page contains text 'Login'.</msg>
<status status="PASS" starttime="20231122 12:25:20.816" endtime="20231122 12:25:21.252"/>
</kw>
<kw name="Input Text" library="SeleniumLibrary">
<arg>id=email-id</arg>
<arg>joku@toinen.com</arg>
<doc>Types the given ``text`` into the text field identified by ``locator``.</doc>
<msg timestamp="20231122 12:25:21.254" level="INFO">Typing text 'joku@toinen.com' into text field 'id=email-id'.</msg>
<status status="PASS" starttime="20231122 12:25:21.252" endtime="20231122 12:25:21.931"/>
</kw>
<kw name="Input Text" library="SeleniumLibrary">
<arg>id=password</arg>
<arg>txt</arg>
<doc>Types the given ``text`` into the text field identified by ``locator``.</doc>
<msg timestamp="20231122 12:25:21.933" level="INFO">Typing text 'txt' into text field 'id=password'.</msg>
<status status="PASS" starttime="20231122 12:25:21.932" endtime="20231122 12:25:22.582"/>
</kw>
<kw name="Click Button" library="SeleniumLibrary">
<arg>Submit</arg>
<doc>Clicks the button identified by ``locator``.</doc>
<msg timestamp="20231122 12:25:22.583" level="INFO">Clicking button 'Submit'.</msg>
<status status="PASS" starttime="20231122 12:25:22.583" endtime="20231122 12:25:24.030"/>
</kw>
<kw name="Page Should Contain" library="SeleniumLibrary">
<arg>Our Happy</arg>
<doc>Verifies that current page contains ``text``.</doc>
<msg timestamp="20231122 12:25:24.464" level="INFO">Current page contains text 'Our Happy'.</msg>
<status status="PASS" starttime="20231122 12:25:24.031" endtime="20231122 12:25:24.464"/>
</kw>
<kw name="Click Link" library="SeleniumLibrary">
<arg>id=new-customer</arg>
<doc>Clicks a link identified by ``locator``.</doc>
<msg timestamp="20231122 12:25:24.465" level="INFO">Clicking link 'id=new-customer'.</msg>
<status status="PASS" starttime="20231122 12:25:24.465" endtime="20231122 12:25:25.478"/>
</kw>
<kw name="Page Should Contain" library="SeleniumLibrary">
<arg>Add Customer</arg>
<doc>Verifies that current page contains ``text``.</doc>
<msg timestamp="20231122 12:25:25.914" level="INFO">Current page contains text 'Add Customer'.</msg>
<status status="PASS" starttime="20231122 12:25:25.480" endtime="20231122 12:25:25.914"/>
</kw>
<kw name="Input Text" library="SeleniumLibrary">
<arg>id=EmailAddress</arg>
<arg>a@b.com</arg>
<doc>Types the given ``text`` into the text field identified by ``locator``.</doc>
<msg timestamp="20231122 12:25:25.916" level="INFO">Typing text 'a@b.com' into text field 'id=EmailAddress'.</msg>
<status status="PASS" starttime="20231122 12:25:25.915" endtime="20231122 12:25:26.615"/>
</kw>
<kw name="Input Text" library="SeleniumLibrary">
<arg>id=FirstName</arg>
<arg>jane</arg>
<doc>Types the given ``text`` into the text field identified by ``locator``.</doc>
<msg timestamp="20231122 12:25:26.618" level="INFO">Typing text 'jane' into text field 'id=FirstName'.</msg>
<status status="PASS" starttime="20231122 12:25:26.616" endtime="20231122 12:25:27.268"/>
</kw>
<kw name="Input Text" library="SeleniumLibrary">
<arg>id=LastName</arg>
<arg>doe</arg>
<doc>Types the given ``text`` into the text field identified by ``locator``.</doc>
<msg timestamp="20231122 12:25:27.268" level="INFO">Typing text 'doe' into text field 'id=LastName'.</msg>
<status status="PASS" starttime="20231122 12:25:27.268" endtime="20231122 12:25:27.937"/>
</kw>
<kw name="Input Text" library="SeleniumLibrary">
<arg>id=City</arg>
<arg>Helsinki</arg>
<doc>Types the given ``text`` into the text field identified by ``locator``.</doc>
<msg timestamp="20231122 12:25:27.939" level="INFO">Typing text 'Helsinki' into text field 'id=City'.</msg>
<status status="PASS" starttime="20231122 12:25:27.938" endtime="20231122 12:25:28.621"/>
</kw>
<kw name="Select From List By Value" library="SeleniumLibrary">
<arg>id=StateOrRegion</arg>
<arg>TX</arg>
<doc>Selects options from selection list ``locator`` by ``values``.</doc>
<msg timestamp="20231122 12:25:28.623" level="INFO">Selecting options from selection list 'id=StateOrRegion' by value TX.</msg>
<status status="PASS" starttime="20231122 12:25:28.623" endtime="20231122 12:25:30.582"/>
</kw>
<kw name="Select Radio Button" library="SeleniumLibrary">
<arg>gender</arg>
<arg>female</arg>
<doc>Sets the radio button group ``group_name`` to ``value``.</doc>
<msg timestamp="20231122 12:25:30.584" level="INFO">Selecting 'female' from radio button 'gender'.</msg>
<status status="PASS" starttime="20231122 12:25:30.583" endtime="20231122 12:25:31.440"/>
</kw>
<kw name="Select Checkbox" library="SeleniumLibrary">
<arg>name=promos-name</arg>
<doc>Selects the checkbox identified by ``locator``.</doc>
<msg timestamp="20231122 12:25:31.441" level="INFO">Selecting checkbox 'name=promos-name'.</msg>
<status status="PASS" starttime="20231122 12:25:31.441" endtime="20231122 12:25:32.825"/>
</kw>
<kw name="Sleep" library="BuiltIn">
<arg>3s</arg>
<doc>Pauses the test executed for the given time.</doc>
<msg timestamp="20231122 12:25:35.830" level="INFO">Slept 3 seconds</msg>
<status status="PASS" starttime="20231122 12:25:32.826" endtime="20231122 12:25:35.830"/>
</kw>
<kw name="Close Browser" library="SeleniumLibrary">
<doc>Closes the current browser.</doc>
<status status="PASS" starttime="20231122 12:25:35.831" endtime="20231122 12:25:37.932"/>
</kw>
<doc>This is the info about the test</doc>
<tag>1006 Smoke contacts</tag>
<status status="PASS" starttime="20231122 12:25:11.782" endtime="20231122 12:25:37.933"/>
</test>
<doc>This is some basic info about the whole suite</doc>
<status status="PASS" starttime="20231122 12:25:11.526" endtime="20231122 12:25:37.934"/>
</suite>
<statistics>
<total>
<stat pass="1" fail="0" skip="0">All Tests</stat>
</total>
<tag>
<stat pass="1" fail="0" skip="0">1006 Smoke contacts</stat>
</tag>
<suite>
<stat pass="1" fail="0" skip="0" id="s1" name="Crm">Crm</stat>
</suite>
</statistics>
<errors>
</errors>
</robot>
