<?xml version="1.0" encoding="UTF-8"?>
<robot generator="Robot 6.1.1 (Python 3.9.7 on win32)" generated="20231126 15:54:25.235" rpa="false" schemaversion="4">
<suite id="s1" name="Crm" source="C:\dev\robots\first-robot\Tests\Crm.robot">
<kw name="insert testing data" library="Data" type="SETUP">
<kw name="Log" library="BuiltIn">
<arg>no doto</arg>
<doc>Logs the given message with the given level.</doc>
<msg timestamp="20231126 15:54:25.391" level="INFO">no doto</msg>
<status status="PASS" starttime="20231126 15:54:25.391" endtime="20231126 15:54:25.391"/>
</kw>
<status status="PASS" starttime="20231126 15:54:25.390" endtime="20231126 15:54:25.391"/>
</kw>
<test id="s1-t1" name="Should be able to add new customer" line="16">
<kw name="begin web test" library="Common" type="SETUP">
<kw name="Set Selenium Speed" library="SeleniumLibrary">
<arg>.2s</arg>
<doc>Sets the delay that is waited after each Selenium command.</doc>
<status status="PASS" starttime="20231126 15:54:25.391" endtime="20231126 15:54:25.392"/>
</kw>
<kw name="Set Selenium Timeout" library="SeleniumLibrary">
<arg>10s</arg>
<doc>Sets the timeout that is used by various keywords.</doc>
<status status="PASS" starttime="20231126 15:54:25.392" endtime="20231126 15:54:25.392"/>
</kw>
<kw name="Log" library="BuiltIn">
<arg>Starting the test case</arg>
<doc>Logs the given message with the given level.</doc>
<msg timestamp="20231126 15:54:25.392" level="INFO">Starting the test case</msg>
<status status="PASS" starttime="20231126 15:54:25.392" endtime="20231126 15:54:25.392"/>
</kw>
<kw name="Open Browser" library="SeleniumLibrary">
<arg>about:blank</arg>
<doc>Opens a new browser instance to the optional ``url``.</doc>
<msg timestamp="20231126 15:54:25.392" level="INFO">Opening browser 'firefox' to base url 'about:blank'.</msg>
<status status="PASS" starttime="20231126 15:54:25.392" endtime="20231126 15:54:31.006"/>
</kw>
<kw name="Set Window Position" library="SeleniumLibrary">
<arg>x=50</arg>
<arg>y=50</arg>
<doc>Sets window position using ``x`` and ``y`` coordinates.</doc>
<status status="PASS" starttime="20231126 15:54:31.006" endtime="20231126 15:54:31.223"/>
</kw>
<kw name="Set Window Size" library="SeleniumLibrary">
<arg>width=1024</arg>
<arg>height=800</arg>
<doc>Sets current windows size to given ``width`` and ``height``.</doc>
<status status="PASS" starttime="20231126 15:54:31.223" endtime="20231126 15:54:31.441"/>
</kw>
<status status="PASS" starttime="20231126 15:54:25.391" endtime="20231126 15:54:31.441"/>
</kw>
<kw name="test login" library="Customer">
<arg>https://automationplayground.com/crm/</arg>
<kw name="Go To" library="SeleniumLibrary">
<arg>${start_url}</arg>
<doc>Navigates the current browser window to the provided ``url``.</doc>
<msg timestamp="20231126 15:54:31.443" level="INFO">Opening url 'https://automationplayground.com/crm/'</msg>
<status status="PASS" starttime="20231126 15:54:31.443" endtime="20231126 15:54:32.684"/>
</kw>
<kw name="Click Link" library="SeleniumLibrary">
<arg>id=SignIn</arg>
<doc>Clicks a link identified by ``locator``.</doc>
<msg timestamp="20231126 15:54:32.686" level="INFO">Clicking link 'id=SignIn'.</msg>
<status status="PASS" starttime="20231126 15:54:32.684" endtime="20231126 15:54:33.544"/>
</kw>
<kw name="Page Should Contain" library="SeleniumLibrary">
<arg>Login</arg>
<doc>Verifies that current page contains ``text``.</doc>
<msg timestamp="20231126 15:54:33.982" level="INFO">Current page contains text 'Login'.</msg>
<status status="PASS" starttime="20231126 15:54:33.544" endtime="20231126 15:54:33.982"/>
</kw>
<kw name="Input Text" library="SeleniumLibrary">
<arg>id=email-id</arg>
<arg>joku@toinen.com</arg>
<doc>Types the given ``text`` into the text field identified by ``locator``.</doc>
<msg timestamp="20231126 15:54:33.983" level="INFO">Typing text 'joku@toinen.com' into text field 'id=email-id'.</msg>
<status status="PASS" starttime="20231126 15:54:33.982" endtime="20231126 15:54:34.651"/>
</kw>
<kw name="Input Text" library="SeleniumLibrary">
<arg>id=password</arg>
<arg>txt</arg>
<doc>Types the given ``text`` into the text field identified by ``locator``.</doc>
<msg timestamp="20231126 15:54:34.652" level="INFO">Typing text 'txt' into text field 'id=password'.</msg>
<status status="PASS" starttime="20231126 15:54:34.651" endtime="20231126 15:54:35.299"/>
</kw>
<kw name="Click Button" library="SeleniumLibrary">
<arg>Submit</arg>
<doc>Clicks the button identified by ``locator``.</doc>
<msg timestamp="20231126 15:54:35.300" level="INFO">Clicking button 'Submit'.</msg>
<status status="PASS" starttime="20231126 15:54:35.299" endtime="20231126 15:54:36.481"/>
</kw>
<kw name="Page Should Contain" library="SeleniumLibrary">
<arg>Our Happy</arg>
<doc>Verifies that current page contains ``text``.</doc>
<msg timestamp="20231126 15:54:36.917" level="INFO">Current page contains text 'Our Happy'.</msg>
<status status="PASS" starttime="20231126 15:54:36.481" endtime="20231126 15:54:36.917"/>
</kw>
<status status="PASS" starttime="20231126 15:54:31.442" endtime="20231126 15:54:36.917"/>
</kw>
<kw name="add customer" library="Customer">
<kw name="Click Link" library="SeleniumLibrary">
<arg>id=new-customer</arg>
<doc>Clicks a link identified by ``locator``.</doc>
<msg timestamp="20231126 15:54:36.918" level="INFO">Clicking link 'id=new-customer'.</msg>
<status status="PASS" starttime="20231126 15:54:36.918" endtime="20231126 15:54:37.896"/>
</kw>
<kw name="Page Should Contain" library="SeleniumLibrary">
<arg>Add Customer</arg>
<doc>Verifies that current page contains ``text``.</doc>
<msg timestamp="20231126 15:54:38.333" level="INFO">Current page contains text 'Add Customer'.</msg>
<status status="PASS" starttime="20231126 15:54:37.897" endtime="20231126 15:54:38.333"/>
</kw>
<kw name="Input Text" library="SeleniumLibrary">
<arg>id=EmailAddress</arg>
<arg>a@b.com</arg>
<doc>Types the given ``text`` into the text field identified by ``locator``.</doc>
<msg timestamp="20231126 15:54:38.334" level="INFO">Typing text 'a@b.com' into text field 'id=EmailAddress'.</msg>
<status status="PASS" starttime="20231126 15:54:38.333" endtime="20231126 15:54:39.001"/>
</kw>
<kw name="Input Text" library="SeleniumLibrary">
<arg>id=FirstName</arg>
<arg>jane</arg>
<doc>Types the given ``text`` into the text field identified by ``locator``.</doc>
<msg timestamp="20231126 15:54:39.002" level="INFO">Typing text 'jane' into text field 'id=FirstName'.</msg>
<status status="PASS" starttime="20231126 15:54:39.001" endtime="20231126 15:54:39.650"/>
</kw>
<kw name="Input Text" library="SeleniumLibrary">
<arg>id=LastName</arg>
<arg>doe</arg>
<doc>Types the given ``text`` into the text field identified by ``locator``.</doc>
<msg timestamp="20231126 15:54:39.651" level="INFO">Typing text 'doe' into text field 'id=LastName'.</msg>
<status status="PASS" starttime="20231126 15:54:39.650" endtime="20231126 15:54:40.308"/>
</kw>
<kw name="Input Text" library="SeleniumLibrary">
<arg>id=City</arg>
<arg>Helsinki</arg>
<doc>Types the given ``text`` into the text field identified by ``locator``.</doc>
<msg timestamp="20231126 15:54:40.309" level="INFO">Typing text 'Helsinki' into text field 'id=City'.</msg>
<status status="PASS" starttime="20231126 15:54:40.308" endtime="20231126 15:54:40.962"/>
</kw>
<kw name="Select From List By Value" library="SeleniumLibrary">
<arg>id=StateOrRegion</arg>
<arg>TX</arg>
<doc>Selects options from selection list ``locator`` by ``values``.</doc>
<msg timestamp="20231126 15:54:40.963" level="INFO">Selecting options from selection list 'id=StateOrRegion' by value TX.</msg>
<status status="PASS" starttime="20231126 15:54:40.962" endtime="20231126 15:54:42.916"/>
</kw>
<kw name="Select Radio Button" library="SeleniumLibrary">
<arg>gender</arg>
<arg>female</arg>
<doc>Sets the radio button group ``group_name`` to ``value``.</doc>
<msg timestamp="20231126 15:54:42.917" level="INFO">Selecting 'female' from radio button 'gender'.</msg>
<status status="PASS" starttime="20231126 15:54:42.916" endtime="20231126 15:54:43.766"/>
</kw>
<kw name="Select Checkbox" library="SeleniumLibrary">
<arg>name=promos-name</arg>
<doc>Selects the checkbox identified by ``locator``.</doc>
<msg timestamp="20231126 15:54:43.767" level="INFO">Selecting checkbox 'name=promos-name'.</msg>
<status status="PASS" starttime="20231126 15:54:43.766" endtime="20231126 15:54:45.133"/>
</kw>
<kw name="Click Button" library="SeleniumLibrary">
<arg>Submit</arg>
<doc>Clicks the button identified by ``locator``.</doc>
<msg timestamp="20231126 15:54:45.134" level="INFO">Clicking button 'Submit'.</msg>
<status status="PASS" starttime="20231126 15:54:45.134" endtime="20231126 15:54:46.205"/>
</kw>
<kw name="Wait Until Page Contains" library="SeleniumLibrary">
<arg>Success! New customer added.</arg>
<doc>Waits until ``text`` appears on the current page.</doc>
<status status="PASS" starttime="20231126 15:54:46.205" endtime="20231126 15:54:46.424"/>
</kw>
<status status="PASS" starttime="20231126 15:54:36.917" endtime="20231126 15:54:46.424"/>
</kw>
<kw name="end web test" library="Common" type="TEARDOWN">
<kw name="Sleep" library="BuiltIn">
<arg>3s</arg>
<doc>Pauses the test executed for the given time.</doc>
<msg timestamp="20231126 15:54:49.437" level="INFO">Slept 3 seconds</msg>
<status status="PASS" starttime="20231126 15:54:46.426" endtime="20231126 15:54:49.437"/>
</kw>
<kw name="Close Browser" library="SeleniumLibrary">
<doc>Closes the current browser.</doc>
<status status="PASS" starttime="20231126 15:54:49.437" endtime="20231126 15:54:51.348"/>
</kw>
<status status="PASS" starttime="20231126 15:54:46.425" endtime="20231126 15:54:51.348"/>
</kw>
<doc>This is the info about the test</doc>
<tag>1006 Smoke contacts</tag>
<status status="PASS" starttime="20231126 15:54:25.391" endtime="20231126 15:54:51.349"/>
</test>
<kw name="remove testing data" library="Data" type="TEARDOWN">
<kw name="Log" library="BuiltIn">
<arg>no data removed</arg>
<doc>Logs the given message with the given level.</doc>
<msg timestamp="20231126 15:54:51.353" level="INFO">no data removed</msg>
<status status="PASS" starttime="20231126 15:54:51.353" endtime="20231126 15:54:51.353"/>
</kw>
<status status="PASS" starttime="20231126 15:54:51.352" endtime="20231126 15:54:51.353"/>
</kw>
<doc>This is some basic info about the whole suite</doc>
<status status="PASS" starttime="20231126 15:54:25.235" endtime="20231126 15:54:51.353"/>
</suite>
<statistics>
<total>
<stat pass="1" fail="0" skip="0">All Tests</stat>
</total>
<tag>
<stat pass="1" fail="0" skip="0">1006 Smoke contacts</stat>
</tag>
<suite>
<stat pass="1" fail="0" skip="0" id="s1" name="Crm">Crm</stat>
</suite>
</statistics>
<errors>
</errors>
</robot>
