<?xml version="1.0" encoding="UTF-8"?>
<robot generator="Robot 6.1.1 (Python 3.9.7 on win32)" generated="20231123 16:53:12.897" rpa="false" schemaversion="4">
<suite id="s1" name="Crm" source="C:\dev\robots\first-robot\tests\Crm.robot">
<test id="s1-t1" name="Should be able to add new customer" line="12">
<kw name="Set Selenium Speed" library="SeleniumLibrary">
<arg>.2s</arg>
<doc>Sets the delay that is waited after each Selenium command.</doc>
<status status="PASS" starttime="20231123 16:53:13.139" endtime="20231123 16:53:13.139"/>
</kw>
<kw name="Set Selenium Timeout" library="SeleniumLibrary">
<arg>10s</arg>
<doc>Sets the timeout that is used by various keywords.</doc>
<status status="PASS" starttime="20231123 16:53:13.140" endtime="20231123 16:53:13.140"/>
</kw>
<kw name="Log" library="BuiltIn">
<arg>Starting the test case</arg>
<doc>Logs the given message with the given level.</doc>
<msg timestamp="20231123 16:53:13.141" level="INFO">Starting the test case</msg>
<status status="PASS" starttime="20231123 16:53:13.141" endtime="20231123 16:53:13.141"/>
</kw>
<kw name="Open Browser" library="SeleniumLibrary">
<arg>https://automationplayground.com/crm/</arg>
<arg>firefox</arg>
<doc>Opens a new browser instance to the optional ``url``.</doc>
<msg timestamp="20231123 16:53:13.142" level="INFO">Opening browser 'firefox' to base url 'https://automationplayground.com/crm/'.</msg>
<status status="PASS" starttime="20231123 16:53:13.142" endtime="20231123 16:53:21.435"/>
</kw>
<kw name="Set Window Position" library="SeleniumLibrary">
<arg>x=50</arg>
<arg>y=50</arg>
<doc>Sets window position using ``x`` and ``y`` coordinates.</doc>
<status status="PASS" starttime="20231123 16:53:21.435" endtime="20231123 16:53:21.652"/>
</kw>
<kw name="Set Window Size" library="SeleniumLibrary">
<arg>width=1024</arg>
<arg>height=800</arg>
<doc>Sets current windows size to given ``width`` and ``height``.</doc>
<status status="PASS" starttime="20231123 16:53:21.653" endtime="20231123 16:53:21.869"/>
</kw>
<kw name="Click Link" library="SeleniumLibrary">
<arg>id=SignIn</arg>
<doc>Clicks a link identified by ``locator``.</doc>
<msg timestamp="20231123 16:53:21.870" level="INFO">Clicking link 'id=SignIn'.</msg>
<status status="PASS" starttime="20231123 16:53:21.869" endtime="20231123 16:53:22.865"/>
</kw>
<kw name="Page Should Contain" library="SeleniumLibrary">
<arg>Login</arg>
<doc>Verifies that current page contains ``text``.</doc>
<msg timestamp="20231123 16:53:23.302" level="INFO">Current page contains text 'Login'.</msg>
<status status="PASS" starttime="20231123 16:53:22.867" endtime="20231123 16:53:23.303"/>
</kw>
<kw name="Input Text" library="SeleniumLibrary">
<arg>id=email-id</arg>
<arg>joku@toinen.com</arg>
<doc>Types the given ``text`` into the text field identified by ``locator``.</doc>
<msg timestamp="20231123 16:53:23.306" level="INFO">Typing text 'joku@toinen.com' into text field 'id=email-id'.</msg>
<status status="PASS" starttime="20231123 16:53:23.304" endtime="20231123 16:53:24.004"/>
</kw>
<kw name="Input Text" library="SeleniumLibrary">
<arg>id=password</arg>
<arg>txt</arg>
<doc>Types the given ``text`` into the text field identified by ``locator``.</doc>
<msg timestamp="20231123 16:53:24.007" level="INFO">Typing text 'txt' into text field 'id=password'.</msg>
<status status="PASS" starttime="20231123 16:53:24.006" endtime="20231123 16:53:24.659"/>
</kw>
<kw name="Click Button" library="SeleniumLibrary">
<arg>Submit</arg>
<doc>Clicks the button identified by ``locator``.</doc>
<msg timestamp="20231123 16:53:24.661" level="INFO">Clicking button 'Submit'.</msg>
<status status="PASS" starttime="20231123 16:53:24.660" endtime="20231123 16:53:26.043"/>
</kw>
<kw name="Page Should Contain" library="SeleniumLibrary">
<arg>Our Happy</arg>
<doc>Verifies that current page contains ``text``.</doc>
<msg timestamp="20231123 16:53:26.479" level="INFO">Current page contains text 'Our Happy'.</msg>
<status status="PASS" starttime="20231123 16:53:26.045" endtime="20231123 16:53:26.479"/>
</kw>
<kw name="Click Link" library="SeleniumLibrary">
<arg>id=new-customer</arg>
<doc>Clicks a link identified by ``locator``.</doc>
<msg timestamp="20231123 16:53:26.481" level="INFO">Clicking link 'id=new-customer'.</msg>
<status status="PASS" starttime="20231123 16:53:26.480" endtime="20231123 16:53:27.975"/>
</kw>
<kw name="Page Should Contain" library="SeleniumLibrary">
<arg>Add Customer</arg>
<doc>Verifies that current page contains ``text``.</doc>
<msg timestamp="20231123 16:53:28.410" level="INFO">Current page contains text 'Add Customer'.</msg>
<status status="PASS" starttime="20231123 16:53:27.976" endtime="20231123 16:53:28.410"/>
</kw>
<kw name="Input Text" library="SeleniumLibrary">
<arg>id=EmailAddress</arg>
<arg>a@b.com</arg>
<doc>Types the given ``text`` into the text field identified by ``locator``.</doc>
<msg timestamp="20231123 16:53:28.412" level="INFO">Typing text 'a@b.com' into text field 'id=EmailAddress'.</msg>
<status status="PASS" starttime="20231123 16:53:28.411" endtime="20231123 16:53:29.092"/>
</kw>
<kw name="Input Text" library="SeleniumLibrary">
<arg>id=FirstName</arg>
<arg>jane</arg>
<doc>Types the given ``text`` into the text field identified by ``locator``.</doc>
<msg timestamp="20231123 16:53:29.094" level="INFO">Typing text 'jane' into text field 'id=FirstName'.</msg>
<status status="PASS" starttime="20231123 16:53:29.093" endtime="20231123 16:53:29.777"/>
</kw>
<kw name="Input Text" library="SeleniumLibrary">
<arg>id=LastName</arg>
<arg>doe</arg>
<doc>Types the given ``text`` into the text field identified by ``locator``.</doc>
<msg timestamp="20231123 16:53:29.781" level="INFO">Typing text 'doe' into text field 'id=LastName'.</msg>
<status status="PASS" starttime="20231123 16:53:29.779" endtime="20231123 16:53:30.475"/>
</kw>
<kw name="Input Text" library="SeleniumLibrary">
<arg>id=City</arg>
<arg>Helsinki</arg>
<doc>Types the given ``text`` into the text field identified by ``locator``.</doc>
<msg timestamp="20231123 16:53:30.479" level="INFO">Typing text 'Helsinki' into text field 'id=City'.</msg>
<status status="PASS" starttime="20231123 16:53:30.476" endtime="20231123 16:53:31.130"/>
</kw>
<kw name="Select From List By Value" library="SeleniumLibrary">
<arg>id=StateOrRegion</arg>
<arg>TX</arg>
<doc>Selects options from selection list ``locator`` by ``values``.</doc>
<msg timestamp="20231123 16:53:31.132" level="INFO">Selecting options from selection list 'id=StateOrRegion' by value TX.</msg>
<status status="PASS" starttime="20231123 16:53:31.131" endtime="20231123 16:53:33.091"/>
</kw>
<kw name="Select Radio Button" library="SeleniumLibrary">
<arg>gender</arg>
<arg>female</arg>
<doc>Sets the radio button group ``group_name`` to ``value``.</doc>
<msg timestamp="20231123 16:53:33.093" level="INFO">Selecting 'female' from radio button 'gender'.</msg>
<status status="PASS" starttime="20231123 16:53:33.092" endtime="20231123 16:53:33.944"/>
</kw>
<kw name="Select Checkbox" library="SeleniumLibrary">
<arg>name=promos-name</arg>
<doc>Selects the checkbox identified by ``locator``.</doc>
<msg timestamp="20231123 16:53:33.947" level="INFO">Selecting checkbox 'name=promos-name'.</msg>
<status status="PASS" starttime="20231123 16:53:33.945" endtime="20231123 16:53:35.365"/>
</kw>
<kw name="Click Button" library="SeleniumLibrary">
<arg>Submit</arg>
<doc>Clicks the button identified by ``locator``.</doc>
<msg timestamp="20231123 16:53:35.366" level="INFO">Clicking button 'Submit'.</msg>
<status status="PASS" starttime="20231123 16:53:35.365" endtime="20231123 16:53:36.485"/>
</kw>
<kw name="Wait Until Page Contains" library="SeleniumLibrary">
<arg>Success! New customer added.</arg>
<doc>Waits until ``text`` appears on the current page.</doc>
<status status="PASS" starttime="20231123 16:53:36.486" endtime="20231123 16:53:36.701"/>
</kw>
<kw name="Sleep" library="BuiltIn">
<arg>3s</arg>
<doc>Pauses the test executed for the given time.</doc>
<msg timestamp="20231123 16:53:39.708" level="INFO">Slept 3 seconds</msg>
<status status="PASS" starttime="20231123 16:53:36.702" endtime="20231123 16:53:39.709"/>
</kw>
<kw name="Close Browser" library="SeleniumLibrary">
<doc>Closes the current browser.</doc>
<status status="PASS" starttime="20231123 16:53:39.710" endtime="20231123 16:53:42.319"/>
</kw>
<doc>This is the info about the test</doc>
<tag>1006 Smoke contacts</tag>
<status status="PASS" starttime="20231123 16:53:13.138" endtime="20231123 16:53:42.321"/>
</test>
<doc>This is some basic info about the whole suite</doc>
<status status="PASS" starttime="20231123 16:53:12.899" endtime="20231123 16:53:42.324"/>
</suite>
<statistics>
<total>
<stat pass="1" fail="0" skip="0">All Tests</stat>
</total>
<tag>
<stat pass="1" fail="0" skip="0">1006 Smoke contacts</stat>
</tag>
<suite>
<stat pass="1" fail="0" skip="0" id="s1" name="Crm">Crm</stat>
</suite>
</statistics>
<errors>
</errors>
</robot>
