<?xml version="1.0" encoding="UTF-8"?>
<robot generator="Robot 6.1.1 (Python 3.9.7 on win32)" generated="20231126 18:17:14.843" rpa="false" schemaversion="4">
<suite id="s1" name="Crm" source="C:\dev\robots\first-robot\Tests\Crm.robot">
<kw name="insert testing data" library="Data" type="SETUP">
<kw name="Log" library="BuiltIn">
<arg>no doto</arg>
<doc>Logs the given message with the given level.</doc>
<msg timestamp="20231126 18:17:15.072" level="INFO">no doto</msg>
<status status="PASS" starttime="20231126 18:17:15.072" endtime="20231126 18:17:15.072"/>
</kw>
<status status="PASS" starttime="20231126 18:17:15.072" endtime="20231126 18:17:15.072"/>
</kw>
<test id="s1-t1" name="Should be able to add new customer" line="17">
<kw name="begin web test" library="Common" type="SETUP">
<arg>${BROWSER}</arg>
<kw name="Set Selenium Speed" library="SeleniumLibrary">
<arg>.2s</arg>
<doc>Sets the delay that is waited after each Selenium command.</doc>
<status status="PASS" starttime="20231126 18:17:15.080" endtime="20231126 18:17:15.080"/>
</kw>
<kw name="Set Selenium Timeout" library="SeleniumLibrary">
<arg>10s</arg>
<doc>Sets the timeout that is used by various keywords.</doc>
<status status="PASS" starttime="20231126 18:17:15.080" endtime="20231126 18:17:15.080"/>
</kw>
<kw name="Log" library="BuiltIn">
<arg>Starting the test case</arg>
<doc>Logs the given message with the given level.</doc>
<msg timestamp="20231126 18:17:15.080" level="INFO">Starting the test case</msg>
<status status="PASS" starttime="20231126 18:17:15.080" endtime="20231126 18:17:15.080"/>
</kw>
<kw name="Open Browser" library="SeleniumLibrary">
<arg>about:blank</arg>
<arg>${BROWSER}</arg>
<doc>Opens a new browser instance to the optional ``url``.</doc>
<msg timestamp="20231126 18:17:15.080" level="INFO">Opening browser 'edge' to base url 'about:blank'.</msg>
<status status="PASS" starttime="20231126 18:17:15.080" endtime="20231126 18:17:16.832"/>
</kw>
<kw name="Set Window Position" library="SeleniumLibrary">
<arg>x=50</arg>
<arg>y=50</arg>
<doc>Sets window position using ``x`` and ``y`` coordinates.</doc>
<status status="PASS" starttime="20231126 18:17:16.832" endtime="20231126 18:17:17.153"/>
</kw>
<kw name="Set Window Size" library="SeleniumLibrary">
<arg>width=1024</arg>
<arg>height=800</arg>
<doc>Sets current windows size to given ``width`` and ``height``.</doc>
<status status="PASS" starttime="20231126 18:17:17.154" endtime="20231126 18:17:17.474"/>
</kw>
<status status="PASS" starttime="20231126 18:17:15.080" endtime="20231126 18:17:17.474"/>
</kw>
<kw name="test login" library="Customer">
<arg>${URL}</arg>
<kw name="Go To" library="SeleniumLibrary">
<arg>${start_url}</arg>
<doc>Navigates the current browser window to the provided ``url``.</doc>
<msg timestamp="20231126 18:17:17.474" level="INFO">Opening url 'https://automationplayground.com/crm/'</msg>
<status status="PASS" starttime="20231126 18:17:17.474" endtime="20231126 18:17:18.299"/>
</kw>
<kw name="Click Link" library="SeleniumLibrary">
<arg>id=SignIn</arg>
<doc>Clicks a link identified by ``locator``.</doc>
<msg timestamp="20231126 18:17:18.299" level="INFO">Clicking link 'id=SignIn'.</msg>
<status status="PASS" starttime="20231126 18:17:18.299" endtime="20231126 18:17:19.256"/>
</kw>
<kw name="Page Should Contain" library="SeleniumLibrary">
<arg>Login</arg>
<doc>Verifies that current page contains ``text``.</doc>
<msg timestamp="20231126 18:17:19.690" level="INFO">Current page contains text 'Login'.</msg>
<status status="PASS" starttime="20231126 18:17:19.257" endtime="20231126 18:17:19.690"/>
</kw>
<kw name="input &quot;user name&quot;" library="Customer">
<arg>${CUSTOMER_USER_NAME}</arg>
<kw name="Input Text" library="SeleniumLibrary">
<arg>id=email-id</arg>
<arg>${customer_user_name}</arg>
<doc>Types the given ``text`` into the text field identified by ``locator``.</doc>
<msg timestamp="20231126 18:17:19.690" level="INFO">Typing text 'hei@moi.com' into text field 'id=email-id'.</msg>
<status status="PASS" starttime="20231126 18:17:19.690" endtime="20231126 18:17:20.472"/>
</kw>
<kw name="Log" library="BuiltIn">
<arg>filling email field with ${customer_user_name}</arg>
<doc>Logs the given message with the given level.</doc>
<msg timestamp="20231126 18:17:20.473" level="INFO">filling email field with hei@moi.com</msg>
<status status="PASS" starttime="20231126 18:17:20.473" endtime="20231126 18:17:20.473"/>
</kw>
<status status="PASS" starttime="20231126 18:17:19.690" endtime="20231126 18:17:20.473"/>
</kw>
<kw name="input &quot;password&quot;" library="Customer">
<arg>${CUSTOMER_PASSWORD}</arg>
<kw name="Input Text" library="SeleniumLibrary">
<arg>id=password</arg>
<arg>${customer_password}</arg>
<doc>Types the given ``text`` into the text field identified by ``locator``.</doc>
<msg timestamp="20231126 18:17:20.473" level="INFO">Typing text '123' into text field 'id=password'.</msg>
<status status="PASS" starttime="20231126 18:17:20.473" endtime="20231126 18:17:21.300"/>
</kw>
<status status="PASS" starttime="20231126 18:17:20.473" endtime="20231126 18:17:21.301"/>
</kw>
<kw name="Click Button" library="SeleniumLibrary">
<arg>Submit</arg>
<doc>Clicks the button identified by ``locator``.</doc>
<msg timestamp="20231126 18:17:21.301" level="INFO">Clicking button 'Submit'.</msg>
<status status="PASS" starttime="20231126 18:17:21.301" endtime="20231126 18:17:22.396"/>
</kw>
<kw name="Page Should Contain" library="SeleniumLibrary">
<arg>Our Happy</arg>
<doc>Verifies that current page contains ``text``.</doc>
<msg timestamp="20231126 18:17:22.822" level="INFO">Current page contains text 'Our Happy'.</msg>
<status status="PASS" starttime="20231126 18:17:22.396" endtime="20231126 18:17:22.822"/>
</kw>
<status status="PASS" starttime="20231126 18:17:17.474" endtime="20231126 18:17:22.822"/>
</kw>
<kw name="add customer" library="Customer">
<kw name="Click Link" library="SeleniumLibrary">
<arg>id=new-customer</arg>
<doc>Clicks a link identified by ``locator``.</doc>
<msg timestamp="20231126 18:17:22.822" level="INFO">Clicking link 'id=new-customer'.</msg>
<status status="PASS" starttime="20231126 18:17:22.822" endtime="20231126 18:17:23.948"/>
</kw>
<kw name="Page Should Contain" library="SeleniumLibrary">
<arg>Add Customer</arg>
<doc>Verifies that current page contains ``text``.</doc>
<msg timestamp="20231126 18:17:24.389" level="INFO">Current page contains text 'Add Customer'.</msg>
<status status="PASS" starttime="20231126 18:17:23.948" endtime="20231126 18:17:24.389"/>
</kw>
<kw name="Input Text" library="SeleniumLibrary">
<arg>id=EmailAddress</arg>
<arg>a@b.com</arg>
<doc>Types the given ``text`` into the text field identified by ``locator``.</doc>
<msg timestamp="20231126 18:17:24.389" level="INFO">Typing text 'a@b.com' into text field 'id=EmailAddress'.</msg>
<status status="PASS" starttime="20231126 18:17:24.389" endtime="20231126 18:17:25.132"/>
</kw>
<kw name="Input Text" library="SeleniumLibrary">
<arg>id=FirstName</arg>
<arg>jane</arg>
<doc>Types the given ``text`` into the text field identified by ``locator``.</doc>
<msg timestamp="20231126 18:17:25.132" level="INFO">Typing text 'jane' into text field 'id=FirstName'.</msg>
<status status="PASS" starttime="20231126 18:17:25.132" endtime="20231126 18:17:25.880"/>
</kw>
<kw name="Input Text" library="SeleniumLibrary">
<arg>id=LastName</arg>
<arg>doe</arg>
<doc>Types the given ``text`` into the text field identified by ``locator``.</doc>
<msg timestamp="20231126 18:17:25.880" level="INFO">Typing text 'doe' into text field 'id=LastName'.</msg>
<status status="PASS" starttime="20231126 18:17:25.880" endtime="20231126 18:17:26.631"/>
</kw>
<kw name="Input Text" library="SeleniumLibrary">
<arg>id=City</arg>
<arg>Helsinki</arg>
<doc>Types the given ``text`` into the text field identified by ``locator``.</doc>
<msg timestamp="20231126 18:17:26.631" level="INFO">Typing text 'Helsinki' into text field 'id=City'.</msg>
<status status="PASS" starttime="20231126 18:17:26.631" endtime="20231126 18:17:27.370"/>
</kw>
<kw name="Select From List By Value" library="SeleniumLibrary">
<arg>id=StateOrRegion</arg>
<arg>TX</arg>
<doc>Selects options from selection list ``locator`` by ``values``.</doc>
<msg timestamp="20231126 18:17:27.370" level="INFO">Selecting options from selection list 'id=StateOrRegion' by value TX.</msg>
<status status="PASS" starttime="20231126 18:17:27.370" endtime="20231126 18:17:29.165"/>
</kw>
<kw name="Select Radio Button" library="SeleniumLibrary">
<arg>gender</arg>
<arg>female</arg>
<doc>Sets the radio button group ``group_name`` to ``value``.</doc>
<msg timestamp="20231126 18:17:29.165" level="INFO">Selecting 'female' from radio button 'gender'.</msg>
<status status="PASS" starttime="20231126 18:17:29.165" endtime="20231126 18:17:29.857"/>
</kw>
<kw name="Select Checkbox" library="SeleniumLibrary">
<arg>name=promos-name</arg>
<doc>Selects the checkbox identified by ``locator``.</doc>
<msg timestamp="20231126 18:17:29.857" level="INFO">Selecting checkbox 'name=promos-name'.</msg>
<status status="PASS" starttime="20231126 18:17:29.857" endtime="20231126 18:17:31.054"/>
</kw>
<kw name="Click Button" library="SeleniumLibrary">
<arg>Submit</arg>
<doc>Clicks the button identified by ``locator``.</doc>
<msg timestamp="20231126 18:17:31.054" level="INFO">Clicking button 'Submit'.</msg>
<status status="PASS" starttime="20231126 18:17:31.054" endtime="20231126 18:17:32.217"/>
</kw>
<kw name="Wait Until Page Contains" library="SeleniumLibrary">
<arg>Success! New customer added.</arg>
<doc>Waits until ``text`` appears on the current page.</doc>
<status status="PASS" starttime="20231126 18:17:32.217" endtime="20231126 18:17:32.450"/>
</kw>
<status status="PASS" starttime="20231126 18:17:22.822" endtime="20231126 18:17:32.450"/>
</kw>
<kw name="end web test" library="Common" type="TEARDOWN">
<kw name="Sleep" library="BuiltIn">
<arg>3s</arg>
<doc>Pauses the test executed for the given time.</doc>
<msg timestamp="20231126 18:17:35.454" level="INFO">Slept 3 seconds</msg>
<status status="PASS" starttime="20231126 18:17:32.450" endtime="20231126 18:17:35.454"/>
</kw>
<kw name="Close Browser" library="SeleniumLibrary">
<doc>Closes the current browser.</doc>
<status status="PASS" starttime="20231126 18:17:35.454" endtime="20231126 18:17:37.798"/>
</kw>
<status status="PASS" starttime="20231126 18:17:32.450" endtime="20231126 18:17:37.798"/>
</kw>
<doc>This is the info about the test</doc>
<tag>1006 Smoke contacts</tag>
<status status="PASS" starttime="20231126 18:17:15.072" endtime="20231126 18:17:37.799"/>
</test>
<kw name="remove testing data" library="Data" type="TEARDOWN">
<kw name="Log" library="BuiltIn">
<arg>no data removed</arg>
<doc>Logs the given message with the given level.</doc>
<msg timestamp="20231126 18:17:37.799" level="INFO">no data removed</msg>
<status status="PASS" starttime="20231126 18:17:37.799" endtime="20231126 18:17:37.799"/>
</kw>
<status status="PASS" starttime="20231126 18:17:37.799" endtime="20231126 18:17:37.799"/>
</kw>
<doc>This is some basic info about the whole suite</doc>
<status status="PASS" starttime="20231126 18:17:14.847" endtime="20231126 18:17:37.799"/>
</suite>
<statistics>
<total>
<stat pass="1" fail="0" skip="0">All Tests</stat>
</total>
<tag>
<stat pass="1" fail="0" skip="0">1006 Smoke contacts</stat>
</tag>
<suite>
<stat pass="1" fail="0" skip="0" id="s1" name="Crm">Crm</stat>
</suite>
</statistics>
<errors>
</errors>
</robot>
