<?xml version="1.0" encoding="UTF-8"?>
<robot generator="Robot 6.1.1 (Python 3.9.7 on win32)" generated="20231123 17:18:07.011" rpa="false" schemaversion="4">
<suite id="s1" name="Crm" source="C:\dev\robots\first-robot\tests\Crm.robot">
<test id="s1-t1" name="Should be able to add new customer" line="12">
<kw name="Set Selenium Speed" library="SeleniumLibrary">
<arg>.2s</arg>
<doc>Sets the delay that is waited after each Selenium command.</doc>
<status status="PASS" starttime="20231123 17:18:07.217" endtime="20231123 17:18:07.217"/>
</kw>
<kw name="Set Selenium Timeout" library="SeleniumLibrary">
<arg>10s</arg>
<doc>Sets the timeout that is used by various keywords.</doc>
<status status="PASS" starttime="20231123 17:18:07.217" endtime="20231123 17:18:07.217"/>
</kw>
<kw name="Log" library="BuiltIn">
<arg>Starting the test case</arg>
<doc>Logs the given message with the given level.</doc>
<msg timestamp="20231123 17:18:07.218" level="INFO">Starting the test case</msg>
<status status="PASS" starttime="20231123 17:18:07.218" endtime="20231123 17:18:07.218"/>
</kw>
<kw name="Open Browser" library="SeleniumLibrary">
<arg>https://automationplayground.com/crm/</arg>
<doc>Opens a new browser instance to the optional ``url``.</doc>
<msg timestamp="20231123 17:18:07.220" level="INFO">Opening browser 'firefox' to base url 'https://automationplayground.com/crm/'.</msg>
<status status="PASS" starttime="20231123 17:18:07.218" endtime="20231123 17:18:13.352"/>
</kw>
<kw name="Set Window Position" library="SeleniumLibrary">
<arg>x=50</arg>
<arg>y=50</arg>
<doc>Sets window position using ``x`` and ``y`` coordinates.</doc>
<status status="PASS" starttime="20231123 17:18:13.353" endtime="20231123 17:18:13.570"/>
</kw>
<kw name="Set Window Size" library="SeleniumLibrary">
<arg>width=1024</arg>
<arg>height=800</arg>
<doc>Sets current windows size to given ``width`` and ``height``.</doc>
<status status="PASS" starttime="20231123 17:18:13.571" endtime="20231123 17:18:13.803"/>
</kw>
<kw name="Click Link" library="SeleniumLibrary">
<arg>id=SignIn</arg>
<doc>Clicks a link identified by ``locator``.</doc>
<msg timestamp="20231123 17:18:13.805" level="INFO">Clicking link 'id=SignIn'.</msg>
<status status="PASS" starttime="20231123 17:18:13.804" endtime="20231123 17:18:14.829"/>
</kw>
<kw name="Page Should Contain" library="SeleniumLibrary">
<arg>Login</arg>
<doc>Verifies that current page contains ``text``.</doc>
<msg timestamp="20231123 17:18:15.265" level="INFO">Current page contains text 'Login'.</msg>
<status status="PASS" starttime="20231123 17:18:14.831" endtime="20231123 17:18:15.265"/>
</kw>
<kw name="Input Text" library="SeleniumLibrary">
<arg>id=email-id</arg>
<arg>joku@toinen.com</arg>
<doc>Types the given ``text`` into the text field identified by ``locator``.</doc>
<msg timestamp="20231123 17:18:15.267" level="INFO">Typing text 'joku@toinen.com' into text field 'id=email-id'.</msg>
<status status="PASS" starttime="20231123 17:18:15.267" endtime="20231123 17:18:15.950"/>
</kw>
<kw name="Input Text" library="SeleniumLibrary">
<arg>id=password</arg>
<arg>txt</arg>
<doc>Types the given ``text`` into the text field identified by ``locator``.</doc>
<msg timestamp="20231123 17:18:15.951" level="INFO">Typing text 'txt' into text field 'id=password'.</msg>
<status status="PASS" starttime="20231123 17:18:15.951" endtime="20231123 17:18:16.604"/>
</kw>
<kw name="Click Button" library="SeleniumLibrary">
<arg>Submit</arg>
<doc>Clicks the button identified by ``locator``.</doc>
<msg timestamp="20231123 17:18:16.605" level="INFO">Clicking button 'Submit'.</msg>
<status status="PASS" starttime="20231123 17:18:16.605" endtime="20231123 17:18:17.832"/>
</kw>
<kw name="Page Should Contain" library="SeleniumLibrary">
<arg>Our Happy</arg>
<doc>Verifies that current page contains ``text``.</doc>
<msg timestamp="20231123 17:18:18.265" level="INFO">Current page contains text 'Our Happy'.</msg>
<status status="PASS" starttime="20231123 17:18:17.834" endtime="20231123 17:18:18.265"/>
</kw>
<kw name="Click Link" library="SeleniumLibrary">
<arg>id=new-customer</arg>
<doc>Clicks a link identified by ``locator``.</doc>
<msg timestamp="20231123 17:18:18.270" level="INFO">Clicking link 'id=new-customer'.</msg>
<status status="PASS" starttime="20231123 17:18:18.268" endtime="20231123 17:18:19.276"/>
</kw>
<kw name="Page Should Contain" library="SeleniumLibrary">
<arg>Add Customer</arg>
<doc>Verifies that current page contains ``text``.</doc>
<msg timestamp="20231123 17:18:19.714" level="INFO">Current page contains text 'Add Customer'.</msg>
<status status="PASS" starttime="20231123 17:18:19.277" endtime="20231123 17:18:19.715"/>
</kw>
<kw name="Input Text" library="SeleniumLibrary">
<arg>id=EmailAddress</arg>
<arg>a@b.com</arg>
<doc>Types the given ``text`` into the text field identified by ``locator``.</doc>
<msg timestamp="20231123 17:18:19.716" level="INFO">Typing text 'a@b.com' into text field 'id=EmailAddress'.</msg>
<status status="PASS" starttime="20231123 17:18:19.716" endtime="20231123 17:18:20.399"/>
</kw>
<kw name="Input Text" library="SeleniumLibrary">
<arg>id=FirstName</arg>
<arg>jane</arg>
<doc>Types the given ``text`` into the text field identified by ``locator``.</doc>
<msg timestamp="20231123 17:18:20.400" level="INFO">Typing text 'jane' into text field 'id=FirstName'.</msg>
<status status="PASS" starttime="20231123 17:18:20.400" endtime="20231123 17:18:21.068"/>
</kw>
<kw name="Input Text" library="SeleniumLibrary">
<arg>id=LastName</arg>
<arg>doe</arg>
<doc>Types the given ``text`` into the text field identified by ``locator``.</doc>
<msg timestamp="20231123 17:18:21.069" level="INFO">Typing text 'doe' into text field 'id=LastName'.</msg>
<status status="PASS" starttime="20231123 17:18:21.068" endtime="20231123 17:18:21.737"/>
</kw>
<kw name="Input Text" library="SeleniumLibrary">
<arg>id=City</arg>
<arg>Helsinki</arg>
<doc>Types the given ``text`` into the text field identified by ``locator``.</doc>
<msg timestamp="20231123 17:18:21.740" level="INFO">Typing text 'Helsinki' into text field 'id=City'.</msg>
<status status="PASS" starttime="20231123 17:18:21.739" endtime="20231123 17:18:22.407"/>
</kw>
<kw name="Select From List By Value" library="SeleniumLibrary">
<arg>id=StateOrRegion</arg>
<arg>TX</arg>
<doc>Selects options from selection list ``locator`` by ``values``.</doc>
<msg timestamp="20231123 17:18:22.408" level="INFO">Selecting options from selection list 'id=StateOrRegion' by value TX.</msg>
<status status="PASS" starttime="20231123 17:18:22.407" endtime="20231123 17:18:24.367"/>
</kw>
<kw name="Select Radio Button" library="SeleniumLibrary">
<arg>gender</arg>
<arg>female</arg>
<doc>Sets the radio button group ``group_name`` to ``value``.</doc>
<msg timestamp="20231123 17:18:24.369" level="INFO">Selecting 'female' from radio button 'gender'.</msg>
<status status="PASS" starttime="20231123 17:18:24.368" endtime="20231123 17:18:25.226"/>
</kw>
<kw name="Select Checkbox" library="SeleniumLibrary">
<arg>name=promos-name</arg>
<doc>Selects the checkbox identified by ``locator``.</doc>
<msg timestamp="20231123 17:18:25.228" level="INFO">Selecting checkbox 'name=promos-name'.</msg>
<status status="PASS" starttime="20231123 17:18:25.227" endtime="20231123 17:18:26.518"/>
</kw>
<kw name="Click Button" library="SeleniumLibrary">
<arg>Submit</arg>
<doc>Clicks the button identified by ``locator``.</doc>
<msg timestamp="20231123 17:18:26.521" level="INFO">Clicking button 'Submit'.</msg>
<status status="PASS" starttime="20231123 17:18:26.519" endtime="20231123 17:18:27.656"/>
</kw>
<kw name="Wait Until Page Contains" library="SeleniumLibrary">
<arg>Success! New customer added.</arg>
<doc>Waits until ``text`` appears on the current page.</doc>
<status status="PASS" starttime="20231123 17:18:27.657" endtime="20231123 17:18:27.873"/>
</kw>
<kw name="Sleep" library="BuiltIn">
<arg>3s</arg>
<doc>Pauses the test executed for the given time.</doc>
<msg timestamp="20231123 17:18:30.877" level="INFO">Slept 3 seconds</msg>
<status status="PASS" starttime="20231123 17:18:27.874" endtime="20231123 17:18:30.877"/>
</kw>
<kw name="Close Browser" library="SeleniumLibrary">
<doc>Closes the current browser.</doc>
<status status="PASS" starttime="20231123 17:18:30.878" endtime="20231123 17:18:33.205"/>
</kw>
<doc>This is the info about the test</doc>
<tag>1006 Smoke contacts</tag>
<status status="PASS" starttime="20231123 17:18:07.216" endtime="20231123 17:18:33.206"/>
</test>
<doc>This is some basic info about the whole suite</doc>
<status status="PASS" starttime="20231123 17:18:07.011" endtime="20231123 17:18:33.209"/>
</suite>
<statistics>
<total>
<stat pass="1" fail="0" skip="0">All Tests</stat>
</total>
<tag>
<stat pass="1" fail="0" skip="0">1006 Smoke contacts</stat>
</tag>
<suite>
<stat pass="1" fail="0" skip="0" id="s1" name="Crm">Crm</stat>
</suite>
</statistics>
<errors>
</errors>
</robot>
