<?xml version="1.0" encoding="UTF-8"?>
<robot generator="Robot 6.1.1 (Python 3.9.7 on win32)" generated="20231124 00:24:45.593" rpa="false" schemaversion="4">
<suite id="s1" name="Crm" source="C:\dev\robots\first-robot\tests\Crm.robot">
<test id="s1-t1" name="Should be able to add new customer" line="12">
<kw name="Set Selenium Speed" library="SeleniumLibrary">
<arg>.2s</arg>
<doc>Sets the delay that is waited after each Selenium command.</doc>
<status status="PASS" starttime="20231124 00:24:46.618" endtime="20231124 00:24:46.630"/>
</kw>
<kw name="Set Selenium Timeout" library="SeleniumLibrary">
<arg>10s</arg>
<doc>Sets the timeout that is used by various keywords.</doc>
<status status="PASS" starttime="20231124 00:24:46.631" endtime="20231124 00:24:46.632"/>
</kw>
<kw name="Log" library="BuiltIn">
<arg>Starting the test case</arg>
<doc>Logs the given message with the given level.</doc>
<msg timestamp="20231124 00:24:46.636" level="INFO">Starting the test case</msg>
<status status="PASS" starttime="20231124 00:24:46.634" endtime="20231124 00:24:46.636"/>
</kw>
<kw name="Open Browser" library="SeleniumLibrary">
<arg>https://automationplayground.com/crm/</arg>
<doc>Opens a new browser instance to the optional ``url``.</doc>
<msg timestamp="20231124 00:24:46.638" level="INFO">Opening browser 'firefox' to base url 'https://automationplayground.com/crm/'.</msg>
<status status="PASS" starttime="20231124 00:24:46.636" endtime="20231124 00:24:56.078"/>
</kw>
<kw name="Set Window Position" library="SeleniumLibrary">
<arg>x=50</arg>
<arg>y=50</arg>
<doc>Sets window position using ``x`` and ``y`` coordinates.</doc>
<status status="PASS" starttime="20231124 00:24:56.079" endtime="20231124 00:24:56.296"/>
</kw>
<kw name="Set Window Size" library="SeleniumLibrary">
<arg>width=1024</arg>
<arg>height=800</arg>
<doc>Sets current windows size to given ``width`` and ``height``.</doc>
<status status="PASS" starttime="20231124 00:24:56.297" endtime="20231124 00:24:56.561"/>
</kw>
<kw name="Click Link" library="SeleniumLibrary">
<arg>id=SignIn</arg>
<doc>Clicks a link identified by ``locator``.</doc>
<msg timestamp="20231124 00:24:56.563" level="INFO">Clicking link 'id=SignIn'.</msg>
<status status="PASS" starttime="20231124 00:24:56.562" endtime="20231124 00:24:57.541"/>
</kw>
<kw name="Page Should Contain" library="SeleniumLibrary">
<arg>Login</arg>
<doc>Verifies that current page contains ``text``.</doc>
<msg timestamp="20231124 00:24:57.991" level="INFO">Current page contains text 'Login'.</msg>
<status status="PASS" starttime="20231124 00:24:57.542" endtime="20231124 00:24:57.991"/>
</kw>
<kw name="Input Text" library="SeleniumLibrary">
<arg>id=email-id</arg>
<arg>joku@toinen.com</arg>
<doc>Types the given ``text`` into the text field identified by ``locator``.</doc>
<msg timestamp="20231124 00:24:57.994" level="INFO">Typing text 'joku@toinen.com' into text field 'id=email-id'.</msg>
<status status="PASS" starttime="20231124 00:24:57.992" endtime="20231124 00:24:58.692"/>
</kw>
<kw name="Input Text" library="SeleniumLibrary">
<arg>id=password</arg>
<arg>txt</arg>
<doc>Types the given ``text`` into the text field identified by ``locator``.</doc>
<msg timestamp="20231124 00:24:58.695" level="INFO">Typing text 'txt' into text field 'id=password'.</msg>
<status status="PASS" starttime="20231124 00:24:58.693" endtime="20231124 00:24:59.345"/>
</kw>
<kw name="Click Button" library="SeleniumLibrary">
<arg>Submit</arg>
<doc>Clicks the button identified by ``locator``.</doc>
<msg timestamp="20231124 00:24:59.347" level="INFO">Clicking button 'Submit'.</msg>
<status status="PASS" starttime="20231124 00:24:59.346" endtime="20231124 00:25:00.730"/>
</kw>
<kw name="Page Should Contain" library="SeleniumLibrary">
<arg>Our Happy</arg>
<doc>Verifies that current page contains ``text``.</doc>
<msg timestamp="20231124 00:25:01.163" level="INFO">Current page contains text 'Our Happy'.</msg>
<status status="PASS" starttime="20231124 00:25:00.731" endtime="20231124 00:25:01.163"/>
</kw>
<kw name="Click Link" library="SeleniumLibrary">
<arg>id=new-customer</arg>
<doc>Clicks a link identified by ``locator``.</doc>
<msg timestamp="20231124 00:25:01.166" level="INFO">Clicking link 'id=new-customer'.</msg>
<status status="PASS" starttime="20231124 00:25:01.164" endtime="20231124 00:25:02.719"/>
</kw>
<kw name="Page Should Contain" library="SeleniumLibrary">
<arg>Add Customer</arg>
<doc>Verifies that current page contains ``text``.</doc>
<msg timestamp="20231124 00:25:03.154" level="INFO">Current page contains text 'Add Customer'.</msg>
<status status="PASS" starttime="20231124 00:25:02.720" endtime="20231124 00:25:03.154"/>
</kw>
<kw name="Input Text" library="SeleniumLibrary">
<arg>id=EmailAddress</arg>
<arg>a@b.com</arg>
<doc>Types the given ``text`` into the text field identified by ``locator``.</doc>
<msg timestamp="20231124 00:25:03.157" level="INFO">Typing text 'a@b.com' into text field 'id=EmailAddress'.</msg>
<status status="PASS" starttime="20231124 00:25:03.155" endtime="20231124 00:25:03.871"/>
</kw>
<kw name="Input Text" library="SeleniumLibrary">
<arg>id=FirstName</arg>
<arg>jane</arg>
<doc>Types the given ``text`` into the text field identified by ``locator``.</doc>
<msg timestamp="20231124 00:25:03.872" level="INFO">Typing text 'jane' into text field 'id=FirstName'.</msg>
<status status="PASS" starttime="20231124 00:25:03.871" endtime="20231124 00:25:04.524"/>
</kw>
<kw name="Input Text" library="SeleniumLibrary">
<arg>id=LastName</arg>
<arg>doe</arg>
<doc>Types the given ``text`` into the text field identified by ``locator``.</doc>
<msg timestamp="20231124 00:25:04.527" level="INFO">Typing text 'doe' into text field 'id=LastName'.</msg>
<status status="PASS" starttime="20231124 00:25:04.524" endtime="20231124 00:25:05.220"/>
</kw>
<kw name="Input Text" library="SeleniumLibrary">
<arg>id=City</arg>
<arg>Helsinki</arg>
<doc>Types the given ``text`` into the text field identified by ``locator``.</doc>
<msg timestamp="20231124 00:25:05.222" level="INFO">Typing text 'Helsinki' into text field 'id=City'.</msg>
<status status="PASS" starttime="20231124 00:25:05.222" endtime="20231124 00:25:05.890"/>
</kw>
<kw name="Select From List By Value" library="SeleniumLibrary">
<arg>id=StateOrRegion</arg>
<arg>TX</arg>
<doc>Selects options from selection list ``locator`` by ``values``.</doc>
<msg timestamp="20231124 00:25:05.892" level="INFO">Selecting options from selection list 'id=StateOrRegion' by value TX.</msg>
<status status="PASS" starttime="20231124 00:25:05.891" endtime="20231124 00:25:07.879"/>
</kw>
<kw name="Select Radio Button" library="SeleniumLibrary">
<arg>gender</arg>
<arg>female</arg>
<doc>Sets the radio button group ``group_name`` to ``value``.</doc>
<msg timestamp="20231124 00:25:07.880" level="INFO">Selecting 'female' from radio button 'gender'.</msg>
<status status="PASS" starttime="20231124 00:25:07.880" endtime="20231124 00:25:08.750"/>
</kw>
<kw name="Select Checkbox" library="SeleniumLibrary">
<arg>name=promos-name</arg>
<doc>Selects the checkbox identified by ``locator``.</doc>
<msg timestamp="20231124 00:25:08.752" level="INFO">Selecting checkbox 'name=promos-name'.</msg>
<status status="PASS" starttime="20231124 00:25:08.752" endtime="20231124 00:25:10.279"/>
</kw>
<kw name="Click Button" library="SeleniumLibrary">
<arg>Submit</arg>
<doc>Clicks the button identified by ``locator``.</doc>
<msg timestamp="20231124 00:25:10.282" level="INFO">Clicking button 'Submit'.</msg>
<status status="PASS" starttime="20231124 00:25:10.280" endtime="20231124 00:25:11.525"/>
</kw>
<kw name="Wait Until Page Contains" library="SeleniumLibrary">
<arg>Success! New customer added.</arg>
<doc>Waits until ``text`` appears on the current page.</doc>
<status status="PASS" starttime="20231124 00:25:11.526" endtime="20231124 00:25:11.745"/>
</kw>
<kw name="Sleep" library="BuiltIn">
<arg>3s</arg>
<doc>Pauses the test executed for the given time.</doc>
<msg timestamp="20231124 00:25:14.763" level="INFO">Slept 3 seconds</msg>
<status status="PASS" starttime="20231124 00:25:11.747" endtime="20231124 00:25:14.763"/>
</kw>
<kw name="Close Browser" library="SeleniumLibrary">
<doc>Closes the current browser.</doc>
<status status="PASS" starttime="20231124 00:25:14.764" endtime="20231124 00:25:18.577"/>
</kw>
<doc>This is the info about the test</doc>
<tag>1006 Smoke contacts</tag>
<status status="PASS" starttime="20231124 00:24:46.615" endtime="20231124 00:25:18.578"/>
</test>
<doc>This is some basic info about the whole suite</doc>
<status status="PASS" starttime="20231124 00:24:45.600" endtime="20231124 00:25:18.582"/>
</suite>
<statistics>
<total>
<stat pass="1" fail="0" skip="0">All Tests</stat>
</total>
<tag>
<stat pass="1" fail="0" skip="0">1006 Smoke contacts</stat>
</tag>
<suite>
<stat pass="1" fail="0" skip="0" id="s1" name="Crm">Crm</stat>
</suite>
</statistics>
<errors>
</errors>
</robot>
